<?xml version="1.0" encoding="UTF-8"?>
<testng-results ignored="0" total="1" passed="1" failed="0" skipped="0">
  <reporter-output>
  </reporter-output>
  <suite started-at="2022-10-04T22:40:11 IST" name="Default suite" finished-at="2022-10-04T22:40:14 IST" duration-ms="2199">
    <groups>
    </groups>
    <test started-at="2022-10-04T22:40:11 IST" name="Default test" finished-at="2022-10-04T22:40:14 IST" duration-ms="2199">
      <class name="testcases.DELETE_REQUEST_001">
        <test-method signature="delete_request()[pri:0, instance:testcases.DELETE_REQUEST_001@429bffaa]" started-at="2022-10-04T22:40:11 IST" name="delete_request" finished-at="2022-10-04T22:40:14 IST" duration-ms="2095" status="PASS">
          <reporter-output>
          </reporter-output>
        </test-method> <!-- delete_request -->
      </class> <!-- testcases.DELETE_REQUEST_001 -->
    </test> <!-- Default test -->
  </suite> <!-- Default suite -->
</testng-results>
